[2025-08-12 09:19:05] Initializing setup process
[2025-08-12 09:19:05] Supabase config found, proceeding with setup
[2025-08-12 09:19:05] Starting Supabase setup...
[2025-08-12 09:19:05] Docker is running, executing 'yarn supabase start'...
17.4.1.068: Pulling from supabase/postgres
32f112e3802c: Pulling fs layer
7a1015234413: Pulling fs layer
d81d7f3cc617: Pulling fs layer
4f4fb700ef54: Pulling fs layer
30d05b03ce49: Pulling fs layer
7cbd65a63bc7: Pulling fs layer
9fb764a82a54: Pulling fs layer
f10416e5ba4a: Pulling fs layer
d98075be3d5b: Pulling fs layer
968aff81db9f: Pulling fs layer
90c11d6fadb1: Pulling fs layer
96b006d49f28: Pulling fs layer
91ebf0df8b8a: Pulling fs layer
99c4a2292eed: Pulling fs layer
0258ce49af04: Pulling fs layer
4ccecf692fa3: Pulling fs layer
adb8e1a2e3c3: Pulling fs layer
2a0551e2e41b: Pulling fs layer
3bc9ecc8184f: Pulling fs layer
f01835b00d98: Pulling fs layer
58a3ad5c5cdd: Pulling fs layer
6b620ea50d11: Pulling fs layer
a631b473c7f8: Pulling fs layer
1dec986d1c65: Pulling fs layer
8b7fcdaa93be: Pulling fs layer
675f57b61245: Pulling fs layer
071a222d9148: Pulling fs layer
9bf14b075b39: Pulling fs layer
b6e5f3ee789a: Pulling fs layer
59d9d413a2fd: Pulling fs layer
42886e2f23ba: Pulling fs layer
750f97f7590f: Pulling fs layer
08ff16a7378e: Pulling fs layer
6a9ad8788e94: Pulling fs layer
4f4fb700ef54: Pulling fs layer
462dfe94fdda: Pulling fs layer
0f34ddd36dab: Pulling fs layer
73e18d7c0476: Pulling fs layer
cb8f85dd765b: Pulling fs layer
ebb3b38aceaa: Pulling fs layer
ba19863aca42: Pulling fs layer
ec29a343cb0f: Pulling fs layer
32033c20ae60: Pulling fs layer
8285da22c8da: Pulling fs layer
4f4fb700ef54: Pulling fs layer
15601bfae2f9: Pulling fs layer
032122d2ab0a: Pulling fs layer
77213ba0987d: Pulling fs layer
f2343a37265a: Pulling fs layer
da620682b69f: Pulling fs layer
349187993f10: Pulling fs layer
4f4fb700ef54: Already exists
7a1015234413: Download complete
d98075be3d5b: Download complete
7cbd65a63bc7: Download complete
9fb764a82a54: Download complete
30d05b03ce49: Download complete
0258ce49af04: Download complete
90c11d6fadb1: Download complete
91ebf0df8b8a: Download complete
968aff81db9f: Download complete
96b006d49f28: Download complete
f10416e5ba4a: Download complete
adb8e1a2e3c3: Download complete
6b620ea50d11: Download complete
a631b473c7f8: Download complete
8b7fcdaa93be: Download complete
f01835b00d98: Download complete
99c4a2292eed: Download complete
2a0551e2e41b: Download complete
58a3ad5c5cdd: Download complete
1dec986d1c65: Download complete
462dfe94fdda: Download complete
9bf14b075b39: Download complete
ec29a343cb0f: Download complete
73e18d7c0476: Download complete
b6e5f3ee789a: Download complete
0f34ddd36dab: Download complete
59d9d413a2fd: Download complete
42886e2f23ba: Download complete
ba19863aca42: Download complete
349187993f10: Download complete
08ff16a7378e: Download complete
6a9ad8788e94: Download complete
15601bfae2f9: Download complete
8285da22c8da: Download complete
750f97f7590f: Download complete
da620682b69f: Download complete
032122d2ab0a: Download complete
77213ba0987d: Download complete
d81d7f3cc617: Download complete
ebb3b38aceaa: Download complete
f2343a37265a: Download complete
3bc9ecc8184f: Download complete
32f112e3802c: Download complete
32f112e3802c: Pull complete
32033c20ae60: Download complete
675f57b61245: Download complete
071a222d9148: Download complete
071a222d9148: Pull complete
58a3ad5c5cdd: Pull complete
968aff81db9f: Pull complete
cb8f85dd765b: Download complete
675f57b61245: Pull complete
349187993f10: Pull complete
4ccecf692fa3: Download complete
4ccecf692fa3: Pull complete
99c4a2292eed: Pull complete
b6e5f3ee789a: Pull complete
3bc9ecc8184f: Pull complete
f01835b00d98: Pull complete
30d05b03ce49: Pull complete
9fb764a82a54: Pull complete
90c11d6fadb1: Pull complete
032122d2ab0a: Pull complete
6a9ad8788e94: Pull complete
adb8e1a2e3c3: Pull complete
32033c20ae60: Pull complete
1dec986d1c65: Pull complete
cb8f85dd765b: Pull complete
08ff16a7378e: Pull complete
f2343a37265a: Pull complete
ba19863aca42: Pull complete
0f34ddd36dab: Pull complete
4f4fb700ef54: Pull complete
d81d7f3cc617: Pull complete
0258ce49af04: Pull complete
ec29a343cb0f: Pull complete
9bf14b075b39: Pull complete
42886e2f23ba: Pull complete
da620682b69f: Pull complete
750f97f7590f: Pull complete
2a0551e2e41b: Pull complete
6b620ea50d11: Pull complete
59d9d413a2fd: Pull complete
73e18d7c0476: Pull complete
a631b473c7f8: Pull complete
f10416e5ba4a: Pull complete
7cbd65a63bc7: Pull complete
d98075be3d5b: Pull complete
96b006d49f28: Pull complete
8b7fcdaa93be: Pull complete
15601bfae2f9: Pull complete
462dfe94fdda: Pull complete
8285da22c8da: Pull complete
91ebf0df8b8a: Pull complete
ebb3b38aceaa: Pull complete
77213ba0987d: Pull complete
7a1015234413: Pull complete
Digest: sha256:92acf57f20ebbedc61189810c3d15c8e3863cb5cbcd8939e9a932332f3041c9d
Status: Downloaded newer image for public.ecr.aws/supabase/postgres:17.4.1.068
v2.41.11: Pulling from supabase/realtime
4f4fb700ef54: Pulling fs layer
4cc71500d87f: Pulling fs layer
06ec3e253b07: Pulling fs layer
4f4fb700ef54: Already exists
4f4fb700ef54: Pull complete
4cc71500d87f: Download complete
06ec3e253b07: Download complete
06ec3e253b07: Pull complete
4cc71500d87f: Pull complete
Digest: sha256:438d84e20584a3156c054a477515d3c67d260312d9ead5d7e72cfd29d47a2f21
Status: Downloaded newer image for public.ecr.aws/supabase/realtime:v2.41.11
v1.26.0: Pulling from supabase/storage-api
3df4510fa789: Pulling fs layer
1a142d512ad8: Pulling fs layer
41565711c665: Pulling fs layer
0570e5d12173: Pulling fs layer
130a749ae877: Pulling fs layer
76307ba9d6c5: Pulling fs layer
15693936b357: Pulling fs layer
710ceb03ee9f: Pulling fs layer
0368fd46e3c6: Pulling fs layer
c881e65aaa24: Pulling fs layer
15693936b357: Download complete
41565711c665: Download complete
3df4510fa789: Download complete
710ceb03ee9f: Download complete
0570e5d12173: Download complete
1a142d512ad8: Download complete
0368fd46e3c6: Download complete
0368fd46e3c6: Pull complete
130a749ae877: Download complete
130a749ae877: Pull complete
1a142d512ad8: Pull complete
15693936b357: Pull complete
76307ba9d6c5: Download complete
c881e65aaa24: Download complete
c881e65aaa24: Pull complete
41565711c665: Pull complete
710ceb03ee9f: Pull complete
0570e5d12173: Pull complete
76307ba9d6c5: Pull complete
3df4510fa789: Pull complete
Digest: sha256:b5a9287004b992b00432df83368198258537c6be1806a915376228c8c4fb88be
Status: Downloaded newer image for public.ecr.aws/supabase/storage-api:v1.26.0
Seeding globals from roles.sql...
Applying migration 20250807120257_setting_up_tables_and_rules.sql...
NOTICE (42710): extension "uuid-ossp" already exists, skipping
WARN: no files matched pattern: supabase/seed.sql
v1.68.3: Pulling from supabase/edge-runtime
5b3eb1e0e562: Pulling fs layer
a3e0b6739716: Pulling fs layer
59e22667830b: Pulling fs layer
56b32c91d21d: Pulling fs layer
6e2e5e8f0dec: Pulling fs layer
8673061c4a12: Pulling fs layer
56b32c91d21d: Download complete
5b3eb1e0e562: Download complete
59e22667830b: Download complete
59e22667830b: Pull complete
6e2e5e8f0dec: Download complete
6e2e5e8f0dec: Pull complete
56b32c91d21d: Pull complete
8673061c4a12: Download complete
8673061c4a12: Pull complete
a3e0b6739716: Download complete
a3e0b6739716: Pull complete
5b3eb1e0e562: Pull complete
Digest: sha256:5e6533c88f98bdde39d251811d08b3e3fea18687e1f295bc5b7d5f75610f683a
Status: Downloaded newer image for public.ecr.aws/supabase/edge-runtime:v1.68.3
v0.91.4: Pulling from supabase/postgres-meta
e7ff6dbfc5ca: Pulling fs layer
f36b6efbf95a: Pulling fs layer
a208aa44a3b6: Pulling fs layer
5744d5fa0c76: Pulling fs layer
cc6942f9da2c: Pulling fs layer
27d982b7b333: Pulling fs layer
043d861f8d89: Pulling fs layer
a3885429682b: Pulling fs layer
6c98c9edb40f: Pulling fs layer
e7ff6dbfc5ca: Download complete
a3885429682b: Download complete
a208aa44a3b6: Download complete
27d982b7b333: Download complete
a3885429682b: Pull complete
5744d5fa0c76: Download complete
cc6942f9da2c: Download complete
043d861f8d89: Download complete
6c98c9edb40f: Download complete
6c98c9edb40f: Pull complete
cc6942f9da2c: Pull complete
27d982b7b333: Pull complete
f36b6efbf95a: Download complete
043d861f8d89: Pull complete
a208aa44a3b6: Pull complete
f36b6efbf95a: Pull complete
5744d5fa0c76: Pull complete
e7ff6dbfc5ca: Pull complete
Digest: sha256:18246b195b56a791843c1c7309109c78f812b3b082da1abf1b01509afc8ec20a
Status: Downloaded newer image for public.ecr.aws/supabase/postgres-meta:v0.91.4
2025.07.28-sha-578b707: Pulling from supabase/studio
12c52e621f38: Pulling fs layer
c222336d941a: Pulling fs layer
dfa608f1599b: Pulling fs layer
9388cb01a5fd: Pulling fs layer
a8bbb17a45b4: Pulling fs layer
6fec85b885eb: Pulling fs layer
ef73abd76d34: Pulling fs layer
372c13f59098: Pulling fs layer
013b1f6b2fa0: Pulling fs layer
dbe5016d5605: Pulling fs layer
dbe5016d5605: Download complete
372c13f59098: Download complete
dfa608f1599b: Download complete
dbe5016d5605: Pull complete
c222336d941a: Download complete
12c52e621f38: Download complete
9388cb01a5fd: Download complete
a8bbb17a45b4: Download complete
ef73abd76d34: Download complete
013b1f6b2fa0: Download complete
013b1f6b2fa0: Pull complete
c222336d941a: Pull complete
372c13f59098: Pull complete
6fec85b885eb: Download complete
6fec85b885eb: Pull complete
9388cb01a5fd: Pull complete
dfa608f1599b: Pull complete
ef73abd76d34: Pull complete
a8bbb17a45b4: Pull complete
12c52e621f38: Pull complete
Digest: sha256:666e90b0cbf47ad7611d26cb4437113f6794628ac7cd5487f63ca8d0c5a29770
Status: Downloaded newer image for public.ecr.aws/supabase/studio:2025.07.28-sha-578b707
Started supabase local development setup.

[2025-08-12 09:19:05] Supabase started successfully
[2025-08-12 09:19:05] Creating .env file with Supabase configurations...
[2025-08-12 09:19:05] .env file created successfully
[2025-08-12 09:19:05] Temporary output file cleaned up
